1709328528: mosquitto version 2.0.18 starting
1709328528: Config loaded from /mosquitto/config/mosquitto.conf.
1709328528: Opening ipv4 listen socket on port 1883.
1709328528: Opening ipv6 listen socket on port 1883.
1709328528: mosquitto version 2.0.18 running
1709328691: mosquitto version 2.0.18 terminating
1709328691: Saving in-memory database to /mosquitto/data//mosquitto.db.
1709328692: mosquitto version 2.0.18 starting
1709328692: Config loaded from /mosquitto/config/mosquitto.conf.
1709328692: Opening ipv4 listen socket on port 1883.
1709328692: Opening ipv6 listen socket on port 1883.
1709328692: mosquitto version 2.0.18 running
1709328701: mosquitto version 2.0.18 terminating
1709328701: Saving in-memory database to /mosquitto/data//mosquitto.db.
1709328782: mosquitto version 2.0.18 starting
1709328782: Config loaded from /mosquitto/config/mosquitto.conf.
1709328782: Opening ipv4 listen socket on port 1883.
1709328782: Opening ipv6 listen socket on port 1883.
1709328782: mosquitto version 2.0.18 running
1709328832: mosquitto version 2.0.18 terminating
1709328832: Saving in-memory database to /mosquitto/data//mosquitto.db.
1709328848: mosquitto version 2.0.18 starting
1709328848: Config loaded from /mosquitto/config/mosquitto.conf.
1709328848: Opening ipv4 listen socket on port 1883.
1709328848: Opening ipv6 listen socket on port 1883.
1709328848: mosquitto version 2.0.18 running
1709329147: mosquitto version 2.0.18 terminating
1709329147: Saving in-memory database to /mosquitto/data//mosquitto.db.
1709329154: mosquitto version 2.0.18 starting
1709329154: Config loaded from /mosquitto/config/mosquitto.conf.
1709329154: Opening ipv4 listen socket on port 1883.
1709329154: Opening ipv6 listen socket on port 1883.
1709329154: mosquitto version 2.0.18 running
1709329200: mosquitto version 2.0.18 terminating
1709329200: Saving in-memory database to /mosquitto/data//mosquitto.db.
1709329208: mosquitto version 2.0.18 starting
1709329208: Config loaded from /mosquitto/config/mosquitto.conf.
1709329208: Opening ipv4 listen socket on port 1883.
1709329208: Opening ipv6 listen socket on port 1883.
1709329208: mosquitto version 2.0.18 running
1709329905: mosquitto version 2.0.18 terminating
1709329905: Saving in-memory database to /mosquitto/data//mosquitto.db.
1709330105: mosquitto version 2.0.18 starting
1709330105: Config loaded from /mosquitto/config/mosquitto.conf.
1709330105: Opening ipv4 listen socket on port 1883.
1709330105: Opening ipv6 listen socket on port 1883.
1709330105: mosquitto version 2.0.18 running
1709330107: New connection from 172.29.0.3:37255 on port 1883.
1709330107: New client connected from 172.29.0.3:37255 as auto-4640991F-CA64-8727-47B8-53B968AC7B39 (p2, c1, k60).
1709330292: New connection from 172.29.0.1:55742 on port 1883.
1709330292: New client connected from 172.29.0.1:55742 as mqtt-explorer-8ff66048 (p2, c1, k60).
1709330321: Client mqtt-explorer-8ff66048 disconnected.
1709330606: New connection from 172.29.0.1:33086 on port 1883.
1709330606: New client connected from 172.29.0.1:33086 as mqtt-explorer-8ff66048 (p2, c1, k60).
1709330608: Client mqtt-explorer-8ff66048 disconnected.
1709330655: New connection from 172.29.0.1:42314 on port 1883.
1709330655: New client connected from 172.29.0.1:42314 as mqtt-explorer-8ff66048 (p2, c1, k60).
1709330687: Client mqtt-explorer-8ff66048 disconnected.
1709330815: New connection from 172.29.0.1:38664 on port 1883.
1709330815: New client connected from 172.29.0.1:38664 as mqtt-explorer-8ff66048 (p2, c1, k60).
1709330817: Client mqtt-explorer-8ff66048 disconnected.
1709330859: New connection from 172.29.0.1:43540 on port 1883.
1709330859: New client connected from 172.29.0.1:43540 as mqtt-explorer-8ff66048 (p2, c1, k60).
1709331392: Client auto-4640991F-CA64-8727-47B8-53B968AC7B39 closed its connection.
1709331393: mosquitto version 2.0.18 terminating
1709331393: Saving in-memory database to /mosquitto/data//mosquitto.db.
